2025-05-19T10:23:54.538Z [ITTERM] error: uncaughtException: callback function required
Error: callback function required
    at Function.engine (D:\Dasturlash\Result\NodeJs\ITTERM\node_modules\express\lib\application.js:296:11)
    at Object.<anonymous> (D:\Dasturlash\Result\NodeJs\ITTERM\app.js:22:5)
    at Module._compile (node:internal/modules/cjs/loader:1554:14)
    at Object..js (node:internal/modules/cjs/loader:1706:10)
    at Module.load (node:internal/modules/cjs/loader:1289:32)
    at Function._load (node:internal/modules/cjs/loader:1108:12)
    at TracingChannel.traceSync (node:diagnostics_channel:322:14)
    at wrapModuleLoad (node:internal/modules/cjs/loader:220:24)
    at Function.executeUserEntryPoint [as runMain] (node:internal/modules/run_main:170:5)
    at node:internal/main/run_main_module:36:49
2025-05-19T10:23:55.372Z [ITTERM] error: uncaughtException: callback function required
Error: callback function required
    at Function.engine (D:\Dasturlash\Result\NodeJs\ITTERM\node_modules\express\lib\application.js:296:11)
    at Object.<anonymous> (D:\Dasturlash\Result\NodeJs\ITTERM\app.js:22:5)
    at Module._compile (node:internal/modules/cjs/loader:1554:14)
    at Object..js (node:internal/modules/cjs/loader:1706:10)
    at Module.load (node:internal/modules/cjs/loader:1289:32)
    at Function._load (node:internal/modules/cjs/loader:1108:12)
    at TracingChannel.traceSync (node:diagnostics_channel:322:14)
    at wrapModuleLoad (node:internal/modules/cjs/loader:220:24)
    at Function.executeUserEntryPoint [as runMain] (node:internal/modules/run_main:170:5)
    at node:internal/main/run_main_module:36:49
2025-05-19T10:30:08.996Z [ITTERM] error: uncaughtException: callback function required
Error: callback function required
    at Function.engine (D:\Dasturlash\Result\NodeJs\ITTERM\node_modules\express\lib\application.js:296:11)
    at Object.<anonymous> (D:\Dasturlash\Result\NodeJs\ITTERM\app.js:22:5)
    at Module._compile (node:internal/modules/cjs/loader:1554:14)
    at Object..js (node:internal/modules/cjs/loader:1706:10)
    at Module.load (node:internal/modules/cjs/loader:1289:32)
    at Function._load (node:internal/modules/cjs/loader:1108:12)
    at TracingChannel.traceSync (node:diagnostics_channel:322:14)
    at wrapModuleLoad (node:internal/modules/cjs/loader:220:24)
    at Function.executeUserEntryPoint [as runMain] (node:internal/modules/run_main:170:5)
    at node:internal/main/run_main_module:36:49
2025-05-19T10:54:49.242Z [ITTERM] error: uncaughtException: callback function required
Error: callback function required
    at Function.engine (D:\Dasturlash\Result\NodeJs\ITTERM\node_modules\express\lib\application.js:296:11)
    at Object.<anonymous> (D:\Dasturlash\Result\NodeJs\ITTERM\app.js:24:5)
    at Module._compile (node:internal/modules/cjs/loader:1554:14)
    at Object..js (node:internal/modules/cjs/loader:1706:10)
    at Module.load (node:internal/modules/cjs/loader:1289:32)
    at Function._load (node:internal/modules/cjs/loader:1108:12)
    at TracingChannel.traceSync (node:diagnostics_channel:322:14)
    at wrapModuleLoad (node:internal/modules/cjs/loader:220:24)
    at Function.executeUserEntryPoint [as runMain] (node:internal/modules/run_main:170:5)
    at node:internal/main/run_main_module:36:49
2025-05-19T10:54:50.100Z [ITTERM] error: uncaughtException: callback function required
Error: callback function required
    at Function.engine (D:\Dasturlash\Result\NodeJs\ITTERM\node_modules\express\lib\application.js:296:11)
    at Object.<anonymous> (D:\Dasturlash\Result\NodeJs\ITTERM\app.js:24:5)
    at Module._compile (node:internal/modules/cjs/loader:1554:14)
    at Object..js (node:internal/modules/cjs/loader:1706:10)
    at Module.load (node:internal/modules/cjs/loader:1289:32)
    at Function._load (node:internal/modules/cjs/loader:1108:12)
    at TracingChannel.traceSync (node:diagnostics_channel:322:14)
    at wrapModuleLoad (node:internal/modules/cjs/loader:220:24)
    at Function.executeUserEntryPoint [as runMain] (node:internal/modules/run_main:170:5)
    at node:internal/main/run_main_module:36:49
